<?xml version="1.0" encoding="UTF-8"?>
<testsuite name="itekako.GooglePage" tests="1" skipped="1" failures="0" errors="0" timestamp="2018-07-17T19:48:03" hostname="DESKTOP-D6LP5OR" time="0.001">
  <properties/>
  <testcase name="openGooglePage" classname="itekako.GooglePage" time="0.001">
    <skipped/>
  </testcase>
  <system-out><![CDATA[]]></system-out>
  <system-err><![CDATA[]]></system-err>
</testsuite>
