<?xml version="1.0" encoding="UTF-8"?>
<testsuite name="itekako.Zadatak1" tests="1" skipped="1" failures="0" errors="0" timestamp="2018-07-17T19:48:03" hostname="DESKTOP-D6LP5OR" time="0.0">
  <properties/>
  <testcase name="dayTwoFirst" classname="itekako.Zadatak1" time="0.0">
    <skipped/>
  </testcase>
  <system-out><![CDATA[]]></system-out>
  <system-err><![CDATA[]]></system-err>
</testsuite>
